<?xml version="1.0" encoding="utf-8"?><testsuites name="pytest tests"><testsuite name="pytest" errors="0" failures="0" skipped="0" tests="276" time="516.352" timestamp="2026-09-08T07:24:09.348083+00:00" hostname="localhost"><testcase classname="tests.test_contracts" name="test_paths_reject_ambiguous_or_unsafe[/tmp/a]" time="0.020" /><testcase classname="tests.test_contracts" name="test_paths_reject_ambiguous_or_unsafe[../a]" time="0.001" /><testcase classname="tests.test_contracts" name="test_paths_reject_ambiguous_or_unsafe[a/../b]" time="0.000" /><testcase classname="tests.test_contracts" name="test_paths_reject_ambiguous_or_unsafe[a//b]" time="0.000" /><testcase classname="tests.test_contracts" name="test_paths_reject_ambiguous_or_unsafe[a\\b]" time="0.000" /><testcase classname="tests.test_contracts" name="test_paths_reject_ambiguous_or_unsafe[./a]" time="0.000" /><testcase classname="tests.test_contracts" name="test_paths_reject_ambiguous_or_unsafe[a/*]" time="0.000" /><testcase classname="tests.test_contracts" name="test_paths_reject_ambiguous_or_unsafe[~/.a]" time="0.000" /><testcase classname="tests.test_contracts" name="test_paths_reject_ambiguous_or_unsafe[a\x00b]" time="0.000" /><testcase classname="tests.test_contracts" name="test_paths_reject_ambiguous_or_unsafe[a/]" time="0.000" /><testcase classname="tests.test_contracts" name="test_paths_reject_ambiguous_or_unsafe[a:foo]" time="0.000" /><testcase classname="tests.test_contracts" name="test_paths_accept_exact[src/module.py]" time="0.000" /><testcase classname="tests.test_contracts" name="test_paths_accept_exact[tests/api.test.ts]" time="0.000" /><testcase classname="tests.test_contracts" name="test_paths_accept_exact[some-folder/\u0444\u0430\u0439\u043b.md]" time="0.000" /><testcase classname="tests.test_contracts" name="test_task_cannot_modify_protected_files[docs/a.md]" time="0.039" /><testcase classname="tests.test_contracts" name="test_task_cannot_modify_protected_files[.codex/config.toml]" time="0.025" /><testcase classname="tests.test_contracts" name="test_task_cannot_modify_protected_files[.agents/skills/a/SKILL.md]" time="0.025" /><testcase classname="tests.test_contracts" name="test_task_cannot_modify_protected_files[AGENTS.md]" time="0.025" /><testcase classname="tests.test_contracts" name="test_task_cannot_modify_protected_files[src/AGENTS.md]" time="0.034" /><testcase classname="tests.test_contracts" name="test_task_cannot_modify_protected_files[.github/workflows/ci.yml]" time="0.022" /><testcase classname="tests.test_contracts" name="test_task_cannot_modify_protected_files[.env]" time="0.026" /><testcase classname="tests.test_contracts" name="test_task_cannot_modify_protected_files[private.pem]" time="0.028" /><testcase classname="tests.test_contracts" name="test_task_cannot_modify_protected_files[initiatives/active/x/a.md]" time="0.027" /><testcase classname="tests.test_contracts" name="test_task_requires_explicit_design[approach]" time="0.030" /><testcase classname="tests.test_contracts" name="test_task_requires_explicit_design[decisions]" time="0.025" /><testcase classname="tests.test_contracts" name="test_task_requires_explicit_design[invariants]" time="0.026" /><testcase classname="tests.test_contracts" name="test_task_requires_explicit_design[allowed_choices]" time="0.026" /><testcase classname="tests.test_contracts" name="test_task_requires_explicit_design[failure_modes]" time="0.025" /><testcase classname="tests.test_contracts" name="test_task_requires_explicit_design[current_state]" time="0.031" /><testcase classname="tests.test_contracts" name="test_task_requires_explicit_design[escalation]" time="0.074" /><testcase classname="tests.test_contracts" name="test_task_requires_explicit_design[open_questions]" time="0.039" /><testcase classname="tests.test_contracts" name="test_future_epic_cannot_embed_tasks" time="0.056" /><testcase classname="tests.test_contracts" name="test_unresolved_design_rejected" time="0.048" /><testcase classname="tests.test_contracts" name="test_missing_acceptance_coverage" time="0.040" /><testcase classname="tests.test_contracts" name="test_dependency_requires_producer_and_contract" time="0.000" /><testcase classname="tests.test_contracts" name="test_knowledge_edit_action_is_unambiguous" time="0.000" /><testcase classname="tests.test_contracts" name="test_yaml_aliases_rejected" time="0.000" /><testcase classname="tests.test_contracts" name="test_secret_content_not_rendered" time="0.000" /><testcase classname="tests.test_development_flows" name="test_compact_start_binds_target_and_first_plan_in_one_gate" time="5.196" /><testcase classname="tests.test_development_flows" name="test_compact_expansion_does_not_invent_decisions" time="0.032" /><testcase classname="tests.test_development_flows" name="test_packet_preflight_blocks_known_oversize_before_approval" time="1.447" /><testcase classname="tests.test_development_flows" name="test_on_demand_sources_are_exact_but_not_inlined" time="1.329" /><testcase classname="tests.test_development_flows" name="test_read_line_slice_hash_and_frozen_snapshot" time="1.049" /><testcase classname="tests.test_development_flows" name="test_ownership_is_navigation_not_read_lock" time="0.995" /><testcase classname="tests.test_development_flows" name="test_snapshot_read_drift_revalidates_but_does_not_reexecute_worker" time="7.795" /><testcase classname="tests.test_development_flows" name="test_fixed_read_conflict_does_not_block_claim_but_fails_acceptance" time="4.317" /><testcase classname="tests.test_development_flows" name="test_local_scope_grant_is_checked_and_audited" time="3.591" /><testcase classname="tests.test_development_flows" name="test_scope_never_converts_free_paths_into_semantic_permission[scope_request0-SCOPE_NOT_DELEGATED]" time="0.953" /><testcase classname="tests.test_development_flows" name="test_scope_never_converts_free_paths_into_semantic_permission[scope_request1-SCOPE_CONFLICT]" time="0.905" /><testcase classname="tests.test_development_flows" name="test_scope_never_converts_free_paths_into_semantic_permission[scope_request2-AMEND_REQUIRED]" time="0.978" /><testcase classname="tests.test_development_flows" name="test_scope_never_converts_free_paths_into_semantic_permission[scope_request3-AMEND_REQUIRED]" time="0.943" /><testcase classname="tests.test_development_flows" name="test_scope_never_converts_free_paths_into_semantic_permission[scope_request4-PROTECTED_PATH]" time="0.838" /><testcase classname="tests.test_development_flows" name="test_scope_addition_budget" time="0.934" /><testcase classname="tests.test_development_flows" name="test_parallel_checks_use_exact_cas_recomposition" time="5.766" /><testcase classname="tests.test_development_flows" name="test_handoff_fences_old_ticket_and_preserves_importable_diff" time="2.888" /><testcase classname="tests.test_development_flows" name="test_import_requires_readiness_and_exact_beforeimages" time="0.861" /><testcase classname="tests.test_development_flows" name="test_investigation_observations_do_not_become_current" time="2.192" /><testcase classname="tests.test_development_flows" name="test_human_tasks_are_not_auto_claimed" time="0.873" /><testcase classname="tests.test_development_flows" name="test_targeted_amendment_keeps_unaffected_worker_fenced_to_same_contract" time="2.965" /><testcase classname="tests.test_development_flows" name="test_material_design_change_cannot_hide_in_task_amendment" time="0.742" /><testcase classname="tests.test_development_flows" name="test_materialized_views_keep_roles_hashes_and_read_only_files" time="0.746" /><testcase classname="tests.test_development_flows" name="test_policy_requires_real_scope_checks_and_explicit_resource_coordination" time="0.022" /><testcase classname="tests.test_gates_context" name="test_forged_approval_does_not_transition" time="0.744" /><testcase classname="tests.test_gates_context" name="test_replay_approval_rejected" time="0.817" /><testcase classname="tests.test_gates_context" name="test_refreshed_gate_invalidates_old_signature" time="0.700" /><testcase classname="tests.test_gates_context" name="test_rejection_does_not_start_workers" time="0.701" /><testcase classname="tests.test_gates_context" name="test_no_readiness_no_submission" time="0.817" /><testcase classname="tests.test_gates_context" name="test_readiness_wrong_fingerprint" time="0.799" /><testcase classname="tests.test_gates_context" name="test_required_packet_not_truncated" time="0.813" /><testcase classname="tests.test_gates_context" name="test_working_replaces_core_only_in_explicit_scope" time="7.786" /><testcase classname="tests.test_gates_context" name="test_partial_epic_does_not_relabel_working_state" time="7.658" /><testcase classname="tests.test_gates_context" name="test_known_stale_overlay_never_falls_back" time="7.778" /><testcase classname="tests.test_gates_context" name="test_retirement_masks_baseline" time="7.949" /><testcase classname="tests.test_greenfield" name="test_empty_core_through_target_design_checkpoint_and_one_parent_publication" time="3.566" /><testcase classname="tests.test_install_skills" name="test_fresh_install_preserves_user_files" time="0.759" /><testcase classname="tests.test_install_skills" name="test_dry_run_no_mutation" time="0.004" /><testcase classname="tests.test_install_skills" name="test_modified_skill_refuses_silent_overwrite" time="0.035" /><testcase classname="tests.test_install_skills" name="test_unrelated_skills_are_preserved" time="0.011" /><testcase classname="tests.test_install_skills" name="test_install_symlink_rejected" time="0.001" /><testcase classname="tests.test_install_skills" name="test_skill_contracts_and_links[orchi]" time="0.001" /><testcase classname="tests.test_install_skills" name="test_skill_contracts_and_links[orchi-plan]" time="0.001" /><testcase classname="tests.test_install_skills" name="test_skill_contracts_and_links[orchi-work]" time="0.001" /><testcase classname="tests.test_install_skills" name="test_skill_contracts_and_links[orchi-review]" time="0.001" /><testcase classname="tests.test_install_skills" name="test_skill_contracts_and_links[orchi-deliver]" time="0.001" /><testcase classname="tests.test_install_skills" name="test_generated_schemas_equal_models" time="0.020" /><testcase classname="tests.test_intent" name="test_manifest_and_registry_match_exact_documents" time="0.004" /><testcase classname="tests.test_intent" name="test_manifest_cannot_omit_an_accepted_requirement" time="0.001" /><testcase classname="tests.test_intent" name="test_roadmap_must_cover_and_resolve_requirements" time="0.004" /><testcase classname="tests.test_intent" name="test_requirement_ids_unique_across_documents" time="0.002" /><testcase classname="tests.test_intent" name="test_original_request_is_immutable" time="0.001" /><testcase classname="tests.test_intent" name="test_removed_requirement_needs_accepted_resolution" time="0.002" /><testcase classname="tests.test_intent" name="test_sources_are_view_explicit_and_scope_safe[source0]" time="0.000" /><testcase classname="tests.test_intent" name="test_sources_are_view_explicit_and_scope_safe[source1]" time="0.000" /><testcase classname="tests.test_intent" name="test_sources_are_view_explicit_and_scope_safe[source2]" time="0.000" /><testcase classname="tests.test_intent" name="test_sources_are_view_explicit_and_scope_safe[source3]" time="0.000" /><testcase classname="tests.test_intent" name="test_proposal_freezes_exact_bytes_before_signature" time="0.735" /><testcase classname="tests.test_intent" name="test_corrupted_pending_bundle_cannot_be_approved" time="0.775" /><testcase classname="tests.test_intent" name="test_exact_target_views_and_scope_isolation" time="0.759" /><testcase classname="tests.test_intent" name="test_revision_preserves_completed_history_and_invalidates_target_projection" time="7.986" /><testcase classname="tests.test_intent" name="test_active_target_change_requires_explicit_stop_and_replan" time="2.893" /><testcase classname="tests.test_intent" name="test_design_hash_and_intent_identity_are_approval_inputs" time="0.781" /><testcase classname="tests.test_intent" name="test_pending_requirement_alias_fails_with_scope_error_not_exception" time="0.020" /><testcase classname="tests.test_intent" name="test_revised_target_can_link_verified_working_and_known_evidence" time="7.697" /><testcase classname="tests.test_intent" name="test_architecture_reorganization_keeps_completed_bindings_historical" time="7.569" /><testcase classname="tests.test_intent" name="test_task_cannot_write_current_or_target_authority[docs/architecture.md]" time="0.810" /><testcase classname="tests.test_intent" name="test_task_cannot_write_current_or_target_authority[initiatives/active/feature/intent/requirements.md]" time="0.852" /><testcase classname="tests.test_knowledge_cli" name="test_build_target_search_related_map_lint_and_coverage" time="0.999" /><testcase classname="tests.test_knowledge_cli" name="test_standalone_target_and_unscoped_coverage_fail_safely" time="0.035" /><testcase classname="tests.test_lifecycle" name="test_two_epics_then_one_canonical_publication" time="21.410" /><testcase classname="tests.test_lifecycle" name="test_future_epic_cannot_be_materialized" time="0.953" /><testcase classname="tests.test_lifecycle" name="test_second_epic_must_use_actual_checkpoint_not_initial_baseline" time="7.912" /><testcase classname="tests.test_lifecycle" name="test_checkpoint_is_mandatory_before_next_epic" time="8.685" /><testcase classname="tests.test_lifecycle" name="test_core_writes_rejected_in_worker_candidate" time="0.837" /><testcase classname="tests.test_lifecycle" name="test_checkpoint_requires_actual_impact_dispositions" time="8.286" /><testcase classname="tests.test_lifecycle" name="test_known_core_ownership_cannot_be_hidden_as_nonsemantic" time="8.319" /><testcase classname="tests.test_lifecycle" name="test_no_finalization_before_all_epics" time="7.818" /><testcase classname="tests.test_lifecycle" name="test_canonical_movement_blocks_publication" time="14.264" /><testcase classname="tests.test_ontology_graph" name="test_invalid_ontology_diagnosed[kind: unknown-INVALID_KIND]" time="0.001" /><testcase classname="tests.test_ontology_graph" name="test_invalid_ontology_diagnosed[kind: component\nrole: target-FORBIDDEN_AUTHORITY_METADATA]" time="0.001" /><testcase classname="tests.test_ontology_graph" name="test_invalid_ontology_diagnosed[kind: component\nstatus: draft-FORBIDDEN_AUTHORITY_METADATA]" time="0.001" /><testcase classname="tests.test_ontology_graph" name="test_invalid_ontology_diagnosed[kind: component\nrelations: {made_up: []}-INVALID_RELATION]" time="0.001" /><testcase classname="tests.test_ontology_graph" name="test_invalid_ontology_diagnosed[kind: component\nrelations: {depends_on: [docs/missing.md]}-BROKEN_RELATION]" time="0.001" /><testcase classname="tests.test_ontology_graph" name="test_invalid_ontology_diagnosed[kind: component\nrelations: {depends_on: [docs/a.md#missing]}-BROKEN_ANCHOR]" time="0.001" /><testcase classname="tests.test_ontology_graph" name="test_invalid_ontology_diagnosed[kind: component\nartifacts: [../secret.py]-UNSAFE_PATH]" time="0.001" /><testcase classname="tests.test_ontology_graph" name="test_invalid_ontology_diagnosed[kind: component\nartifacts: [src/missing.py]-UNMATCHED_ARTIFACT]" time="0.001" /><testcase classname="tests.test_ontology_graph" name="test_invalid_ontology_diagnosed[kind: component\nrelations: {depends_on: [initiatives/active/other/intent/requirements.md]}-CROSS_SCOPE_RELATION]" time="0.001" /><testcase classname="tests.test_ontology_graph" name="test_plain_markdown_is_bootstrappable_not_silently_classified" time="0.000" /><testcase classname="tests.test_ontology_graph" name="test_duplicate_yaml_keys_and_aliases_rejected" time="0.001" /><testcase classname="tests.test_ontology_graph" name="test_markdown_link_anchors_reference_links_and_fences" time="0.001" /><testcase classname="tests.test_ontology_graph" name="test_explicit_duplicate_anchor_is_an_error" time="0.000" /><testcase classname="tests.test_ontology_graph" name="test_area_index_is_enforced_for_changed_multi_page_core" time="0.002" /><testcase classname="tests.test_ontology_graph" name="test_graph_related_is_deterministic_and_typed" time="0.002" /><testcase classname="tests.test_ontology_graph" name="test_related_context_has_no_lexical_score" time="0.002" /><testcase classname="tests.test_ontology_graph" name="test_replacement_projection_does_not_keep_old_edges" time="0.002" /><testcase classname="tests.test_ontology_graph" name="test_map_is_self_contained_reproducible_and_escapes_untrusted_labels" time="0.002" /><testcase classname="tests.test_packaging" name="test_source_validation" time="0.163" /><testcase classname="tests.test_packaging" name="test_runtime_has_no_application_package_metadata" time="0.000" /><testcase classname="tests.test_packaging" name="test_entrypoints_declare_same_isolated_dependencies" time="0.001" /><testcase classname="tests.test_packaging" name="test_doctor_does_not_create_control_state" time="0.752" /><testcase classname="tests.test_packaging" name="test_doctor_detects_partial_skill_installation" time="0.003" /><testcase classname="tests.test_packaging" name="test_doctor_distinguishes_missing_optional_codex" time="0.003" /><testcase classname="tests.test_packaging" name="test_doctor_checks_existing_git_repository" time="0.007" /><testcase classname="tests.test_packaging" name="test_control_environment_and_explicit_precedence" time="0.007" /><testcase classname="tests.test_packaging" name="test_complete_installed_bundle_does_not_need_source_checkout" time="2.250" /><testcase classname="tests.test_packaging" name="test_operator_key_generation_and_overwrite_refusal" time="0.003" /><testcase classname="tests.test_packaging" name="test_operator_existing_public_key_does_not_leave_new_private_key" time="0.001" /><testcase classname="tests.test_packaging" name="test_operator_signs_exact_gate_and_refuses_output_overwrite" time="0.004" /><testcase classname="tests.test_packaging" name="test_operator_rejects_non_gate_input" time="0.001" /><testcase classname="tests.test_packaging" name="test_copy_install_rollback_preserves_modified_skill" time="0.027" /><testcase classname="tests.test_parallel" name="test_real_foreground_process_workers_overlap" time="6.975" /><testcase classname="tests.test_parallel" name="test_two_os_processes_cannot_claim_same_task" time="1.640" /><testcase classname="tests.test_parallel" name="test_independent_candidate_not_invalidated_by_other_integration" time="5.441" /><testcase classname="tests.test_parallel" name="test_isolated_pass_is_not_combined_pass" time="7.724" /><testcase classname="tests.test_parallel" name="test_new_read_dependency_detects_stale_result" time="2.868" /><testcase classname="tests.test_parallel" name="test_resources_serialize_without_inventing_dependencies" time="0.801" /><testcase classname="tests.test_parallel" name="test_expired_worker_not_reissued_automatically" time="0.856" /><testcase classname="tests.test_process_store" name="test_process_returns_real_failure" time="0.725" /><testcase classname="tests.test_process_store" name="test_process_timeout" time="1.029" /><testcase classname="tests.test_process_store" name="test_process_output_limit" time="0.494" /><testcase classname="tests.test_process_store" name="test_environment_not_inherited" time="0.653" /><testcase classname="tests.test_process_store" name="test_transaction_rolls_back" time="0.002" /><testcase classname="tests.test_process_store" name="test_artifact_tampering_detected" time="0.002" /><testcase classname="tests.test_process_store" name="test_concurrent_identical_artifacts_are_atomically_visible" time="0.102" /><testcase classname="tests.test_reconciliation" name="test_incomplete_or_unverified_final_claims_fail[&lt;lambda&gt;-INCOMPLETE_ACCEPTANCE]" time="0.001" /><testcase classname="tests.test_reconciliation" name="test_incomplete_or_unverified_final_claims_fail[&lt;lambda&gt;-INCOMPLETE_ARCHITECTURE]" time="0.001" /><testcase classname="tests.test_reconciliation" name="test_incomplete_or_unverified_final_claims_fail[&lt;lambda&gt;-STALE_FINALIZATION]" time="0.000" /><testcase classname="tests.test_reconciliation" name="test_incomplete_or_unverified_final_claims_fail[&lt;lambda&gt;-UNVERIFIED_REQUIREMENT]" time="0.000" /><testcase classname="tests.test_reconciliation" name="test_incomplete_or_unverified_final_claims_fail[&lt;lambda&gt;-INTENT_REVISION_REQUIRED]" time="0.000" /><testcase classname="tests.test_reconciliation" name="test_incomplete_or_unverified_final_claims_fail[&lt;lambda&gt;-UNRESOLVED_REQUIREMENT]" time="0.000" /><testcase classname="tests.test_reconciliation" name="test_incomplete_or_unverified_final_claims_fail[&lt;lambda&gt;-UNREALIZED_ARCHITECTURE]" time="0.000" /><testcase classname="tests.test_reconciliation" name="test_incomplete_or_unverified_final_claims_fail[&lt;lambda&gt;-UNVERIFIED_ARCHITECTURE0]" time="0.000" /><testcase classname="tests.test_reconciliation" name="test_incomplete_or_unverified_final_claims_fail[&lt;lambda&gt;-UNVERIFIED_ARCHITECTURE1]" time="0.000" /><testcase classname="tests.test_reconciliation" name="test_incomplete_or_unverified_final_claims_fail[&lt;lambda&gt;-MISSING_ARTIFACT]" time="0.000" /><testcase classname="tests.test_reconciliation" name="test_incomplete_or_unverified_final_claims_fail[&lt;lambda&gt;-UNKNOWN_CHECK]" time="0.000" /><testcase classname="tests.test_reconciliation" name="test_incomplete_or_unverified_final_claims_fail[&lt;lambda&gt;-UNRECONCILED_ARCHITECTURE]" time="0.000" /><testcase classname="tests.test_reconciliation" name="test_deviation_is_explicit_and_still_requires_proof" time="0.000" /><testcase classname="tests.test_reconciliation" name="test_policy_exceptions_remain_explicitly_unresolved" time="0.000" /><testcase classname="tests.test_reconciliation" name="test_final_core_ontology_rejects_target_markers_and_broken_claim_links[---\nkind: architecture\n---\n# Future system\n-TARGET_AS_CORE]" time="0.047" /><testcase classname="tests.test_reconciliation" name="test_final_core_ontology_rejects_target_markers_and_broken_claim_links[---\nkind: component\nrole: target\n---\n# Mixed authority\n-FINAL_DOC_AUTHORITY]" time="0.043" /><testcase classname="tests.test_reconciliation" name="test_final_core_ontology_rejects_target_markers_and_broken_claim_links[---\nkind: component\nrelations: {invalid_relation: [docs/README.md]}\n---\n# Current\n-FINAL_DOC_ONTOLOGY]" time="0.059" /><testcase classname="tests.test_reconciliation" name="test_final_core_ontology_rejects_target_markers_and_broken_claim_links[---\nkind: component\n---\n# Current\n[Broken](missing.md)\n-FINAL_DOC_ONTOLOGY]" time="0.041" /><testcase classname="tests.test_reconciliation" name="test_lint_exposes_invalid_and_hidden_metadata_without_indexing_it" time="0.056" /><testcase classname="tests.test_reconciliation" name="test_code_formatted_headings_keep_addressable_anchors" time="0.000" /><testcase classname="tests.test_recovery_and_final" name="test_checks_crash_requires_explicit_recovery" time="0.938" /><testcase classname="tests.test_recovery_and_final" name="test_amendment_retains_attempts_and_fences_old_ticket" time="0.926" /><testcase classname="tests.test_recovery_and_final" name="test_roadmap_can_change_future_but_not_history" time="7.583" /><testcase classname="tests.test_recovery_and_final" name="test_codex_missing_is_not_a_mock_success" time="0.022" /><testcase classname="tests.test_recovery_and_final" name="test_final_cannot_skip_knowledge_or_acceptance" time="13.632" /><testcase classname="tests.test_recovery_and_final" name="test_final_cannot_publish_before_final_review_and_human" time="20.640" /><testcase classname="tests.test_recovery_and_final" name="test_knowledge_only_epic_is_a_real_supported_mode" time="1.487" /><testcase classname="tests.test_retrieval" name="test_ranked_section_has_exact_provenance_and_readback" time="0.097" /><testcase classname="tests.test_retrieval" name="test_prefix_substring_and_typo_retrieval[microV-docs/cache.md-bm25]" time="0.106" /><testcase classname="tests.test_retrieval" name="test_prefix_substring_and_typo_retrieval[cracker-docs/cache.md-trigram]" time="0.085" /><testcase classname="tests.test_retrieval" name="test_prefix_substring_and_typo_retrieval[firecraker-docs/cache.md-fuzzy]" time="0.081" /><testcase classname="tests.test_retrieval" name="test_prefix_substring_and_typo_retrieval[authetication-docs/auth.md-fuzzy]" time="0.089" /><testcase classname="tests.test_retrieval" name="test_only_current_core_is_searchable[Draftsentinel]" time="0.080" /><testcase classname="tests.test_retrieval" name="test_only_current_core_is_searchable[Archivesentinel]" time="0.077" /><testcase classname="tests.test_retrieval" name="test_only_current_core_is_searchable[Credentialssentinel]" time="0.101" /><testcase classname="tests.test_retrieval" name="test_only_current_core_is_searchable[Othersentinel]" time="0.089" /><testcase classname="tests.test_retrieval" name="test_only_current_core_is_searchable[Rootsentinel]" time="0.080" /><testcase classname="tests.test_retrieval" name="test_uncommitted_edits_never_enter_the_projection" time="0.083" /><testcase classname="tests.test_retrieval" name="test_frontmatter_is_not_body_search_content" time="0.076" /><testcase classname="tests.test_retrieval" name="test_heading_parser_handles_fences_setext_and_line_offsets" time="0.000" /><testcase classname="tests.test_retrieval" name="test_long_sections_split_at_source_line_boundaries" time="0.000" /><testcase classname="tests.test_retrieval" name="test_unicode_case_accents_and_substrings" time="0.129" /><testcase classname="tests.test_retrieval" name="test_scope_isolation_masking_and_retirement" time="0.147" /><testcase classname="tests.test_retrieval" name="test_stale_cache_cannot_resurrect_a_masked_canonical_record" time="0.137" /><testcase classname="tests.test_retrieval" name="test_active_epic_code_does_not_advance_verified_search" time="0.113" /><testcase classname="tests.test_retrieval" name="test_wrong_initiative_is_rejected_before_building_cache" time="0.047" /><testcase classname="tests.test_retrieval" name="test_initiative_inherits_baseline_not_current_canonical" time="0.139" /><testcase classname="tests.test_retrieval" name="test_cache_reuse_invalidation_revalidation_and_deletion" time="0.155" /><testcase classname="tests.test_retrieval" name="test_canonical_content_change_forces_rebuild_and_old_read_hash_fails" time="0.129" /><testcase classname="tests.test_retrieval" name="test_corrupt_cache_recovers_without_altering_authority" time="0.099" /><testcase classname="tests.test_retrieval" name="test_cached_source_forgery_is_not_returned" time="0.101" /><testcase classname="tests.test_retrieval" name="test_missing_fts_table_is_rebuilt" time="0.093" /><testcase classname="tests.test_retrieval" name="test_engine_change_invalidates_cache" time="0.093" /><testcase classname="tests.test_retrieval" name="test_unwritable_or_symlinked_cache_uses_memory" time="0.106" /><testcase classname="tests.test_retrieval" name="test_atomic_concurrent_builds_use_their_own_scope_snapshot" time="0.093" /><testcase classname="tests.test_retrieval" name="test_no_fts5_fails_clearly_but_exact_reads_work" time="0.082" /><testcase classname="tests.test_retrieval" name="test_missing_trigram_reports_degraded_matching" time="0.082" /><testcase classname="tests.test_retrieval" name="test_invalid_queries_are_bounded[]" time="0.045" /><testcase classname="tests.test_retrieval" name="test_invalid_queries_are_bounded[  ]" time="0.046" /><testcase classname="tests.test_retrieval" name="test_invalid_queries_are_bounded[&quot;() * :]" time="0.048" /><testcase classname="tests.test_retrieval" name="test_invalid_queries_are_bounded[xxxxxxxxxxxxxxxxxxxxxxxxxxxxxxxxxxxxxxxxxxxxxxxxxxxxxxxxxxxxxxxxxxxxxxxxxxxxxxxxxxxxxxxxxxxxxxxxxxxxxxxxxxxxxxxxxxxxxxxxxxxxxxxxxxxxxxxxxxxxxxxxxxxxxxxxxxxxxxxxxxxxxxxxxxxxxxxxxxxxxxxxxxxxxxxxxxxxxxxxxxxxxxxxxxxxxxxxxxxxxxxxxxxxxxxxxxxxxxxxxxxxxxxxxxxxxxxxxxxxxxxxxxxxxxxxxxxxxxxxxxxxxxxxxxxxxxxxxxxxxxxxxxxxxxxxxxxxxxxxxxxxxxxxxxxxxxxxxxxxxxxxxxxxxxxxxxxxxxxxxxxxxxxxxxxxxxxxxxxxxxxxxxxxxxxxxxxxxxxxxxxxxxxxxxxxxxxxxxxxxxxxxxxxxxxxxxxxxxxxxxxxxxxxxxxxxxxxxxxxxxxxxxxxxxxxxxxxxxxxxxxxxxxxxxxxxxxxxxxxxxxxxxxxxxxxx]" time="0.061" /><testcase classname="tests.test_retrieval" name="test_invalid_queries_are_bounded[xxxxxxxxxxxxxxxxxxxxxxxxxxxxxxxxxxxxxxxxxxxxxxxxxxxxxxxxxxxxxxxxx]" time="0.169" /><testcase classname="tests.test_retrieval" name="test_invalid_queries_are_bounded[a\x00b]" time="0.049" /><testcase classname="tests.test_retrieval" name="test_invalid_queries_are_bounded[term0 term1 term2 term3 term4 term5 term6 term7 term8 term9 term10 term11 term12 term13 term14 term15 term16]" time="0.059" /><testcase classname="tests.test_retrieval" name="test_invalid_limits_are_bounded[0]" time="0.059" /><testcase classname="tests.test_retrieval" name="test_invalid_limits_are_bounded[-1]" time="0.049" /><testcase classname="tests.test_retrieval" name="test_invalid_limits_are_bounded[101]" time="0.048" /><testcase classname="tests.test_retrieval" name="test_invalid_limits_are_bounded[True]" time="0.050" /><testcase classname="tests.test_retrieval" name="test_fts_metacharacters_are_plain_text_not_executable_syntax" time="0.100" /><testcase classname="tests.test_retrieval" name="test_limits_snippets_deduplication_and_determinism" time="0.098" /><testcase classname="tests.test_retrieval" name="test_empty_corpus_has_valid_stats_and_no_results" time="0.076" /><testcase classname="tests.test_retrieval" name="test_force_index_has_no_workflow_or_source_mutation" time="0.098" /><testcase classname="tests.test_retrieval_cli" name="test_standalone_search_get_stat_and_force_index" time="0.104" /><testcase classname="tests.test_retrieval_cli" name="test_controlled_search_does_not_change_workflow_state_or_events" time="0.042" /><testcase classname="tests.test_retrieval_cli" name="test_optional_text_format_and_limit" time="0.041" /><testcase classname="tests.test_retrieval_cli" name="test_ambiguous_scopes_are_rejected_before_work[tail0]" time="0.026" /><testcase classname="tests.test_retrieval_cli" name="test_ambiguous_scopes_are_rejected_before_work[tail1]" time="0.023" /><testcase classname="tests.test_retrieval_cli" name="test_standalone_search_with_explicit_canonical_ref" time="0.044" /><testcase classname="tests.test_retrieval_cli" name="test_invalid_limits_and_queries_have_structured_errors" time="0.045" /><testcase classname="tests.test_retrieval_cli" name="test_doctor_reports_missing_search_capabilities" time="0.001" /><testcase classname="tests.test_retrieval_cli" name="test_installed_search_works_without_source_checkout" time="0.794" /><testcase classname="tests.test_retrieval_cli" name="test_real_checkpoints_refresh_overlay_and_leave_core_unchanged" time="14.402" /><testcase classname="tests.test_review" name="test_no_findings_finishes_without_repairs" time="8.522" /><testcase classname="tests.test_review" name="test_reviews_are_bounded_and_zero_duplicate_bug_hunt" time="16.887" /><testcase classname="tests.test_review" name="test_old_blocker_cannot_disappear" time="12.596" /><testcase classname="tests.test_review" name="test_unrelated_preexisting_issue_cannot_expand_scope" time="7.693" /><testcase classname="tests.test_review" name="test_incomplete_review_blocks_instead_of_retrying_forever" time="7.622" /><testcase classname="tests.test_synchronization_publication" name="test_sync_disjoint_upstream_does_not_rewrite_origin_or_completed_history" time="19.163" /><testcase classname="tests.test_synchronization_publication" name="test_sync_requires_explicit_upstream_core_working_reconciliation" time="9.861" /><testcase classname="tests.test_synchronization_publication" name="test_new_upstream_core_owning_local_changes_is_not_blindly_inherited" time="10.039" /><testcase classname="tests.test_synchronization_publication" name="test_sync_textual_conflict_requires_exact_reviewed_resolution" time="10.267" /><testcase classname="tests.test_synchronization_publication" name="test_sync_failed_checks_never_promote_code_or_knowledge" time="10.216" /><testcase classname="tests.test_synchronization_publication" name="test_sync_gate_fails_if_upstream_moves_again" time="1.497" /><testcase classname="tests.test_synchronization_publication" name="test_sync_not_allowed_with_active_epic" time="0.882" /><testcase classname="tests.test_synchronization_publication" name="test_sync_rejects_rewritten_canonical_history" time="1.553" /><testcase classname="tests.test_synchronization_publication" name="test_sync_target_impact_explicitly_blocks_future_design" time="1.671" /><testcase classname="tests.test_synchronization_publication" name="test_sync_invalidates_previous_final_review_and_signature" time="23.276" /><testcase classname="tests.test_synchronization_publication" name="test_two_independent_initiatives_publish_after_explicit_upstream_sync" time="15.823" /><testcase classname="tests.test_synchronization_publication" name="test_publication_policy_checks_exact_tree_and_approved_parents[exact]" time="7.072" /><testcase classname="tests.test_synchronization_publication" name="test_publication_policy_checks_exact_tree_and_approved_parents[squash]" time="7.260" /><testcase classname="tests.test_synchronization_publication" name="test_publication_policy_checks_exact_tree_and_approved_parents[merge]" time="7.259" /><testcase classname="tests.test_synchronization_publication" name="test_local_publication_refuses_checked_out_main_and_uses_cas" time="6.925" /><testcase classname="tests.test_synchronization_publication" name="test_wrong_tree_never_accepted_as_publication" time="7.324" /><testcase classname="tests.test_workflow_boundaries" name="test_handoff_reacquires_only_still_delegated_scopes_and_preserves_packet" time="3.077" /><testcase classname="tests.test_workflow_boundaries" name="test_handoff_old_diff_cannot_hide_changed_fixed_assumptions" time="2.883" /><testcase classname="tests.test_workflow_boundaries" name="test_unknown_verifier_exit_is_fenced_after_explicit_release" time="1.529" /><testcase classname="tests.test_workflow_boundaries" name="test_resource_exclusion_and_release_on_exception" time="0.176" /><testcase classname="tests.test_workflow_boundaries" name="test_resource_timeouts_fail_closed" time="1.028" /><testcase classname="tests.test_workflow_boundaries" name="test_read_only_relay_is_ticket_bound_and_does_not_expose_controller" time="1.596" /><testcase classname="tests.test_workflow_boundaries" name="test_command_adapter_can_read_and_acquire_scope_without_control_access" time="9.635" /><testcase classname="tests.test_workflow_boundaries" name="test_operator_decide_requires_the_displayed_exact_request" time="0.745" /><testcase classname="tests.test_workflow_boundaries" name="test_knowledge_only_full_publication_has_no_fake_implementation_task" time="4.202" /><testcase classname="tests.test_workflow_boundaries" name="test_original_request_whitespace_is_preserved" time="0.024" /></testsuite></testsuites>